<?xml version="1.0" encoding="UTF-8"?>
<!-- Generated by org.testng.reporters.JUnitReportReporter -->
<testsuite skipped="0" hostname="Sale" name="tests.ProfileTest" tests="2" failures="0" timestamp="2021-02-25T21:03:08 CET" time="40.468" errors="0">
  <testcase name="editProfileImage" time="17.683" classname="tests.ProfileTest"/>
  <system-out/>
  <testcase name="changeProfileImage" time="22.785" classname="tests.ProfileTest"/>
  <system-out/>
</testsuite> <!-- tests.ProfileTest -->
