<?xml version="1.0" encoding="UTF-8"?>
<!-- Generated by org.testng.reporters.JUnitReportReporter -->
<testsuite skipped="0" hostname="Sale" name="tests.MealItemTest" tests="1" failures="0" timestamp="2021-02-25T21:41:04 CET" time="52.869" errors="0">
  <testcase name="clearCart" time="52.869" classname="tests.MealItemTest"/>
  <system-out/>
</testsuite> <!-- tests.MealItemTest -->
